{"E:\\projects\\Nestjs\\task-management\\src\\app.module.ts": {"path":"E:\\projects\\Nestjs\\task-management\\src\\app.module.ts","statementMap":{"0":{"start":{"line":1,"column":0},"end":{"line":1,"column":48}},"1":{"start":{"line":2,"column":0},"end":{"line":2,"column":51}},"2":{"start":{"line":3,"column":0},"end":{"line":3,"column":40}},"3":{"start":{"line":4,"column":0},"end":{"line":4,"column":56}},"4":{"start":{"line":5,"column":0},"end":{"line":5,"column":48}},"5":{"start":{"line":6,"column":0},"end":{"line":6,"column":50}},"6":{"start":{"line":22,"column":7},"end":{"line":22,"column":null}},"7":{"start":{"line":22,"column":13},"end":{"line":22,"column":22}},"8":{"start":{"line":22,"column":13},"end":{"line":22,"column":null}}},"fnMap":{},"branchMap":{},"s":{"0":0,"1":0,"2":0,"3":0,"4":0,"5":0,"6":0,"7":0,"8":0},"f":{},"b":{}}
,"E:\\projects\\Nestjs\\task-management\\src\\main.ts": {"path":"E:\\projects\\Nestjs\\task-management\\src\\main.ts","statementMap":{"0":{"start":{"line":1,"column":0},"end":{"line":1,"column":43}},"1":{"start":{"line":2,"column":0},"end":{"line":2,"column":41}},"2":{"start":{"line":3,"column":0},"end":{"line":3,"column":40}},"3":{"start":{"line":4,"column":0},"end":{"line":4,"column":65}},"4":{"start":{"line":6,"column":0},"end":{"line":6,"column":34}},"5":{"start":{"line":9,"column":17},"end":{"line":9,"column":40}},"6":{"start":{"line":10,"column":14},"end":{"line":10,"column":49}},"7":{"start":{"line":11,"column":23},"end":{"line":11,"column":44}},"8":{"start":{"line":13,"column":2},"end":{"line":18,"column":3}},"9":{"start":{"line":14,"column":4},"end":{"line":14,"column":21}},"10":{"start":{"line":16,"column":4},"end":{"line":16,"column":52}},"11":{"start":{"line":17,"column":4},"end":{"line":17,"column":74}},"12":{"start":{"line":20,"column":17},"end":{"line":25,"column":12}},"13":{"start":{"line":26,"column":19},"end":{"line":26,"column":60}},"14":{"start":{"line":27,"column":2},"end":{"line":27,"column":44}},"15":{"start":{"line":29,"column":15},"end":{"line":29,"column":52}},"16":{"start":{"line":30,"column":2},"end":{"line":30,"column":20}},"17":{"start":{"line":31,"column":2},"end":{"line":31,"column":25}},"18":{"start":{"line":32,"column":2},"end":{"line":32,"column":54}},"19":{"start":{"line":34,"column":0},"end":{"line":34,"column":12}}},"fnMap":{"0":{"name":"bootstrap","decl":{"start":{"line":8,"column":15},"end":{"line":8,"column":24}},"loc":{"start":{"line":8,"column":24},"end":{"line":33,"column":1}}}},"branchMap":{"0":{"loc":{"start":{"line":13,"column":2},"end":{"line":18,"column":3}},"type":"if","locations":[{"start":{"line":13,"column":2},"end":{"line":18,"column":3}},{"start":{"line":15,"column":9},"end":{"line":18,"column":3}}]},"1":{"loc":{"start":{"line":29,"column":15},"end":{"line":29,"column":52}},"type":"binary-expr","locations":[{"start":{"line":29,"column":15},"end":{"line":29,"column":31}},{"start":{"line":29,"column":35},"end":{"line":29,"column":52}}]}},"s":{"0":0,"1":0,"2":0,"3":0,"4":0,"5":0,"6":0,"7":0,"8":0,"9":0,"10":0,"11":0,"12":0,"13":0,"14":0,"15":0,"16":0,"17":0,"18":0,"19":0},"f":{"0":0},"b":{"0":[0,0],"1":[0,0]}}
,"E:\\projects\\Nestjs\\task-management\\src\\auth\\auth.controller.ts": {"path":"E:\\projects\\Nestjs\\task-management\\src\\auth\\auth.controller.ts","statementMap":{"0":{"start":{"line":1,"column":0},"end":{"line":1,"column":null}},"1":{"start":{"line":9,"column":0},"end":{"line":9,"column":45}},"2":{"start":{"line":10,"column":0},"end":{"line":10,"column":54}},"3":{"start":{"line":11,"column":0},"end":{"line":11,"column":45}},"4":{"start":{"line":12,"column":0},"end":{"line":12,"column":47}},"5":{"start":{"line":13,"column":0},"end":{"line":13,"column":46}},"6":{"start":{"line":16,"column":7},"end":{"line":47,"column":null}},"7":{"start":{"line":17,"column":31},"end":{"line":17,"column":44}},"8":{"start":{"line":21,"column":4},"end":{"line":21,"column":50}},"9":{"start":{"line":26,"column":4},"end":{"line":26,"column":38}},"10":{"start":{"line":33,"column":4},"end":{"line":33,"column":50}},"11":{"start":{"line":39,"column":4},"end":{"line":39,"column":35}},"12":{"start":{"line":45,"column":4},"end":{"line":45,"column":16}},"13":{"start":{"line":16,"column":13},"end":{"line":16,"column":27}},"14":{"start":{"line":20,"column":2},"end":{"line":22,"column":null}},"15":{"start":{"line":25,"column":2},"end":{"line":27,"column":null}},"16":{"start":{"line":30,"column":2},"end":{"line":34,"column":null}},"17":{"start":{"line":38,"column":2},"end":{"line":40,"column":null}},"18":{"start":{"line":44,"column":2},"end":{"line":46,"column":null}},"19":{"start":{"line":16,"column":13},"end":{"line":47,"column":null}}},"fnMap":{"0":{"name":"(anonymous_4)","decl":{"start":{"line":17,"column":2},"end":{"line":17,"column":31}},"loc":{"start":{"line":17,"column":55},"end":{"line":17,"column":59}}},"1":{"name":"(anonymous_5)","decl":{"start":{"line":20,"column":2},"end":{"line":20,"column":8}},"loc":{"start":{"line":20,"column":59},"end":{"line":22,"column":3}}},"2":{"name":"(anonymous_6)","decl":{"start":{"line":25,"column":2},"end":{"line":25,"column":9}},"loc":{"start":{"line":25,"column":9},"end":{"line":27,"column":3}}},"3":{"name":"(anonymous_7)","decl":{"start":{"line":30,"column":2},"end":{"line":30,"column":8}},"loc":{"start":{"line":31,"column":54},"end":{"line":34,"column":3}}},"4":{"name":"(anonymous_8)","decl":{"start":{"line":38,"column":2},"end":{"line":38,"column":13}},"loc":{"start":{"line":38,"column":13},"end":{"line":40,"column":3}}},"5":{"name":"(anonymous_9)","decl":{"start":{"line":44,"column":2},"end":{"line":44,"column":6}},"loc":{"start":{"line":44,"column":28},"end":{"line":46,"column":3}}}},"branchMap":{},"s":{"0":0,"1":0,"2":0,"3":0,"4":0,"5":0,"6":0,"7":0,"8":0,"9":0,"10":0,"11":0,"12":0,"13":0,"14":0,"15":0,"16":0,"17":0,"18":0,"19":0},"f":{"0":0,"1":0,"2":0,"3":0,"4":0,"5":0},"b":{}}
,"E:\\projects\\Nestjs\\task-management\\src\\auth\\auth.module.ts": {"path":"E:\\projects\\Nestjs\\task-management\\src\\auth\\auth.module.ts","statementMap":{"0":{"start":{"line":1,"column":0},"end":{"line":1,"column":40}},"1":{"start":{"line":2,"column":0},"end":{"line":2,"column":45}},"2":{"start":{"line":3,"column":0},"end":{"line":3,"column":51}},"3":{"start":{"line":4,"column":0},"end":{"line":4,"column":48}},"4":{"start":{"line":5,"column":0},"end":{"line":5,"column":46}},"5":{"start":{"line":6,"column":0},"end":{"line":6,"column":40}},"6":{"start":{"line":7,"column":0},"end":{"line":7,"column":50}},"7":{"start":{"line":8,"column":0},"end":{"line":8,"column":45}},"8":{"start":{"line":9,"column":0},"end":{"line":9,"column":33}},"9":{"start":{"line":11,"column":18},"end":{"line":11,"column":35}},"10":{"start":{"line":25,"column":7},"end":{"line":25,"column":null}},"11":{"start":{"line":25,"column":13},"end":{"line":25,"column":23}},"12":{"start":{"line":25,"column":13},"end":{"line":25,"column":null}}},"fnMap":{},"branchMap":{"0":{"loc":{"start":{"line":17,"column":14},"end":{"line":17,"column":56}},"type":"binary-expr","locations":[{"start":{"line":17,"column":14},"end":{"line":17,"column":36}},{"start":{"line":17,"column":40},"end":{"line":17,"column":56}}]}},"s":{"0":0,"1":0,"2":0,"3":0,"4":0,"5":0,"6":0,"7":0,"8":0,"9":0,"10":0,"11":0,"12":0},"f":{},"b":{"0":[0,0]}}
,"E:\\projects\\Nestjs\\task-management\\src\\auth\\auth.service.ts": {"path":"E:\\projects\\Nestjs\\task-management\\src\\auth\\auth.service.ts","statementMap":{"0":{"start":{"line":1,"column":0},"end":{"line":1,"column":44}},"1":{"start":{"line":3,"column":0},"end":{"line":3,"column":46}},"2":{"start":{"line":4,"column":0},"end":{"line":4,"column":37}},"3":{"start":{"line":5,"column":0},"end":{"line":5,"column":51}},"4":{"start":{"line":6,"column":0},"end":{"line":6,"column":33}},"5":{"start":{"line":7,"column":0},"end":{"line":7,"column":41}},"6":{"start":{"line":11,"column":7},"end":{"line":60,"column":null}},"7":{"start":{"line":14,"column":21},"end":{"line":14,"column":37}},"8":{"start":{"line":15,"column":21},"end":{"line":15,"column":33}},"9":{"start":{"line":18,"column":35},"end":{"line":18,"column":48}},"10":{"start":{"line":20,"column":25},"end":{"line":20,"column":47}},"11":{"start":{"line":21,"column":23},"end":{"line":21,"column":33}},"12":{"start":{"line":22,"column":4},"end":{"line":22,"column":29}},"13":{"start":{"line":23,"column":4},"end":{"line":23,"column":21}},"14":{"start":{"line":24,"column":4},"end":{"line":24,"column":60}},"15":{"start":{"line":26,"column":4},"end":{"line":34,"column":5}},"16":{"start":{"line":27,"column":6},"end":{"line":27,"column":43}},"17":{"start":{"line":29,"column":6},"end":{"line":29,"column":23}},"18":{"start":{"line":30,"column":6},"end":{"line":30,"column":27}},"19":{"start":{"line":31,"column":6},"end":{"line":31,"column":18}},"20":{"start":{"line":33,"column":6},"end":{"line":33,"column":27}},"21":{"start":{"line":38,"column":4},"end":{"line":38,"column":39}},"22":{"start":{"line":42,"column":35},"end":{"line":42,"column":48}},"23":{"start":{"line":43,"column":35},"end":{"line":45,"column":6}},"24":{"start":{"line":46,"column":4},"end":{"line":52,"column":5}},"25":{"start":{"line":47,"column":34},"end":{"line":47,"column":46}},"26":{"start":{"line":48,"column":34},"end":{"line":48,"column":63}},"27":{"start":{"line":49,"column":6},"end":{"line":49,"column":29}},"28":{"start":{"line":51,"column":6},"end":{"line":51,"column":45}},"29":{"start":{"line":56,"column":4},"end":{"line":56,"column":38}},"30":{"start":{"line":11,"column":13},"end":{"line":11,"column":24}},"31":{"start":{"line":11,"column":13},"end":{"line":60,"column":null}}},"fnMap":{"0":{"name":"(anonymous_4)","decl":{"start":{"line":12,"column":2},"end":{"line":12,"column":null}},"loc":{"start":{"line":15,"column":43},"end":{"line":16,"column":6}}},"1":{"name":"(anonymous_5)","decl":{"start":{"line":17,"column":2},"end":{"line":17,"column":7}},"loc":{"start":{"line":17,"column":43},"end":{"line":35,"column":3}}},"2":{"name":"(anonymous_6)","decl":{"start":{"line":37,"column":2},"end":{"line":37,"column":7}},"loc":{"start":{"line":37,"column":51},"end":{"line":39,"column":3}}},"3":{"name":"(anonymous_7)","decl":{"start":{"line":41,"column":2},"end":{"line":41,"column":7}},"loc":{"start":{"line":41,"column":43},"end":{"line":53,"column":3}}},"4":{"name":"(anonymous_8)","decl":{"start":{"line":55,"column":2},"end":{"line":55,"column":9}},"loc":{"start":{"line":55,"column":9},"end":{"line":57,"column":3}}},"5":{"name":"(anonymous_9)","decl":{"start":{"line":59,"column":2},"end":{"line":59,"column":13}},"loc":{"start":{"line":59,"column":13},"end":{"line":59,"column":18}}}},"branchMap":{"0":{"loc":{"start":{"line":46,"column":4},"end":{"line":52,"column":5}},"type":"if","locations":[{"start":{"line":46,"column":4},"end":{"line":52,"column":5}},{"start":{"line":50,"column":11},"end":{"line":52,"column":5}}]},"1":{"loc":{"start":{"line":46,"column":8},"end":{"line":46,"column":55}},"type":"binary-expr","locations":[{"start":{"line":46,"column":8},"end":{"line":46,"column":12}},{"start":{"line":46,"column":17},"end":{"line":46,"column":54}}]}},"s":{"0":1,"1":1,"2":1,"3":1,"4":1,"5":1,"6":1,"7":8,"8":8,"9":2,"10":2,"11":2,"12":2,"13":2,"14":2,"15":2,"16":2,"17":1,"18":1,"19":1,"20":1,"21":0,"22":3,"23":3,"24":3,"25":1,"26":1,"27":1,"28":2,"29":1,"30":1,"31":1},"f":{"0":8,"1":2,"2":0,"3":3,"4":1,"5":0},"b":{"0":[1,2],"1":[3,2]}}
,"E:\\projects\\Nestjs\\task-management\\src\\auth\\get-user.decorator.ts": {"path":"E:\\projects\\Nestjs\\task-management\\src\\auth\\get-user.decorator.ts","statementMap":{"0":{"start":{"line":1,"column":0},"end":{"line":1,"column":72}},"1":{"start":{"line":5,"column":13},"end":{"line":12,"column":2}},"2":{"start":{"line":7,"column":20},"end":{"line":7,"column":51}},"3":{"start":{"line":10,"column":4},"end":{"line":10,"column":24}}},"fnMap":{"0":{"name":"(anonymous_0)","decl":{"start":{"line":6,"column":2},"end":{"line":6,"column":3}},"loc":{"start":{"line":6,"column":40},"end":{"line":11,"column":3}}}},"branchMap":{},"s":{"0":1,"1":1,"2":0,"3":0},"f":{"0":0},"b":{}}
,"E:\\projects\\Nestjs\\task-management\\src\\auth\\jwt.strategy.ts": {"path":"E:\\projects\\Nestjs\\task-management\\src\\auth\\jwt.strategy.ts","statementMap":{"0":{"start":{"line":2,"column":0},"end":{"line":2,"column":52}},"1":{"start":{"line":3,"column":0},"end":{"line":3,"column":52}},"2":{"start":{"line":4,"column":0},"end":{"line":4,"column":67}},"3":{"start":{"line":5,"column":0},"end":{"line":5,"column":51}},"4":{"start":{"line":6,"column":0},"end":{"line":6,"column":37}},"5":{"start":{"line":7,"column":0},"end":{"line":7,"column":46}},"6":{"start":{"line":8,"column":0},"end":{"line":8,"column":33}},"7":{"start":{"line":10,"column":7},"end":{"line":29,"column":null}},"8":{"start":{"line":15,"column":4},"end":{"line":18,"column":7}},"9":{"start":{"line":13,"column":21},"end":{"line":13,"column":37}},"10":{"start":{"line":21,"column":25},"end":{"line":21,"column":32}},"11":{"start":{"line":22,"column":17},"end":{"line":22,"column":75}},"12":{"start":{"line":24,"column":4},"end":{"line":26,"column":5}},"13":{"start":{"line":25,"column":6},"end":{"line":25,"column":55}},"14":{"start":{"line":27,"column":4},"end":{"line":27,"column":16}},"15":{"start":{"line":10,"column":13},"end":{"line":10,"column":24}},"16":{"start":{"line":10,"column":13},"end":{"line":29,"column":null}}},"fnMap":{"0":{"name":"(anonymous_4)","decl":{"start":{"line":11,"column":2},"end":{"line":11,"column":null}},"loc":{"start":{"line":13,"column":53},"end":{"line":19,"column":3}}},"1":{"name":"(anonymous_5)","decl":{"start":{"line":20,"column":2},"end":{"line":20,"column":7}},"loc":{"start":{"line":20,"column":36},"end":{"line":28,"column":3}}}},"branchMap":{"0":{"loc":{"start":{"line":17,"column":19},"end":{"line":17,"column":69}},"type":"binary-expr","locations":[{"start":{"line":17,"column":19},"end":{"line":17,"column":41}},{"start":{"line":17,"column":45},"end":{"line":17,"column":69}}]},"1":{"loc":{"start":{"line":24,"column":4},"end":{"line":26,"column":5}},"type":"if","locations":[{"start":{"line":24,"column":4},"end":{"line":26,"column":5}}]}},"s":{"0":2,"1":2,"2":2,"3":2,"4":2,"5":2,"6":2,"7":2,"8":10,"9":10,"10":2,"11":2,"12":2,"13":1,"14":1,"15":2,"16":2},"f":{"0":10,"1":2},"b":{"0":[10,10],"1":[1]}}
,"E:\\projects\\Nestjs\\task-management\\src\\auth\\dto\\create-auth.dto.ts": {"path":"E:\\projects\\Nestjs\\task-management\\src\\auth\\dto\\create-auth.dto.ts","statementMap":{"0":{"start":{"line":1,"column":0},"end":{"line":1,"column":65}},"1":{"start":{"line":3,"column":0},"end":{"line":3,"column":13}},"2":{"start":{"line":7,"column":2},"end":{"line":7,"column":null}},"3":{"start":{"line":12,"column":2},"end":{"line":12,"column":null}}},"fnMap":{},"branchMap":{},"s":{"0":0,"1":0,"2":0,"3":0},"f":{},"b":{}}
,"E:\\projects\\Nestjs\\task-management\\src\\auth\\dto\\update-auth.dto.ts": {"path":"E:\\projects\\Nestjs\\task-management\\src\\auth\\dto\\update-auth.dto.ts","statementMap":{"0":{"start":{"line":1,"column":0},"end":{"line":1,"column":51}},"1":{"start":{"line":2,"column":0},"end":{"line":2,"column":50}},"2":{"start":{"line":4,"column":0},"end":{"line":4,"column":13}}},"fnMap":{},"branchMap":{},"s":{"0":0,"1":0,"2":0},"f":{},"b":{}}
,"E:\\projects\\Nestjs\\task-management\\src\\auth\\entities\\user.entity.ts": {"path":"E:\\projects\\Nestjs\\task-management\\src\\auth\\entities\\user.entity.ts","statementMap":{"0":{"start":{"line":1,"column":0},"end":{"line":1,"column":null}},"1":{"start":{"line":8,"column":0},"end":{"line":8,"column":33}},"2":{"start":{"line":9,"column":0},"end":{"line":9,"column":47}},"3":{"start":{"line":13,"column":7},"end":{"line":36,"column":null}},"4":{"start":{"line":33,"column":17},"end":{"line":33,"column":55}},"5":{"start":{"line":34,"column":4},"end":{"line":34,"column":34}},"6":{"start":{"line":13,"column":13},"end":{"line":13,"column":17}},"7":{"start":{"line":15,"column":2},"end":{"line":15,"column":null}},"8":{"start":{"line":18,"column":2},"end":{"line":18,"column":null}},"9":{"start":{"line":21,"column":2},"end":{"line":21,"column":null}},"10":{"start":{"line":24,"column":2},"end":{"line":24,"column":null}},"11":{"start":{"line":27,"column":2},"end":{"line":27,"column":null}},"12":{"start":{"line":30,"column":2},"end":{"line":30,"column":null}},"13":{"start":{"line":29,"column":19},"end":{"line":29,"column":23}},"14":{"start":{"line":29,"column":35},"end":{"line":29,"column":44}},"15":{"start":{"line":13,"column":13},"end":{"line":36,"column":null}}},"fnMap":{"0":{"name":"(anonymous_2)","decl":{"start":{"line":32,"column":2},"end":{"line":32,"column":7}},"loc":{"start":{"line":32,"column":41},"end":{"line":35,"column":3}}},"1":{"name":"(anonymous_3)","decl":{"start":{"line":29,"column":13},"end":{"line":29,"column":16}},"loc":{"start":{"line":29,"column":19},"end":{"line":29,"column":23}}},"2":{"name":"(anonymous_4)","decl":{"start":{"line":29,"column":25},"end":{"line":29,"column":26}},"loc":{"start":{"line":29,"column":35},"end":{"line":29,"column":44}}}},"branchMap":{},"s":{"0":5,"1":5,"2":5,"3":5,"4":2,"5":2,"6":5,"7":5,"8":5,"9":5,"10":5,"11":5,"12":5,"13":0,"14":0,"15":5},"f":{"0":2,"1":0,"2":0},"b":{}}
,"E:\\projects\\Nestjs\\task-management\\src\\config\\typeorm.config.ts": {"path":"E:\\projects\\Nestjs\\task-management\\src\\config\\typeorm.config.ts","statementMap":{"0":{"start":{"line":2,"column":0},"end":{"line":2,"column":33}},"1":{"start":{"line":4,"column":17},"end":{"line":4,"column":33}},"2":{"start":{"line":6,"column":13},"end":{"line":15,"column":2}}},"fnMap":{},"branchMap":{"0":{"loc":{"start":{"line":7,"column":8},"end":{"line":7,"column":44}},"type":"binary-expr","locations":[{"start":{"line":7,"column":8},"end":{"line":7,"column":27}},{"start":{"line":7,"column":31},"end":{"line":7,"column":44}}]},"1":{"loc":{"start":{"line":8,"column":8},"end":{"line":8,"column":44}},"type":"binary-expr","locations":[{"start":{"line":8,"column":8},"end":{"line":8,"column":27}},{"start":{"line":8,"column":31},"end":{"line":8,"column":44}}]},"2":{"loc":{"start":{"line":9,"column":8},"end":{"line":9,"column":44}},"type":"binary-expr","locations":[{"start":{"line":9,"column":8},"end":{"line":9,"column":27}},{"start":{"line":9,"column":31},"end":{"line":9,"column":44}}]},"3":{"loc":{"start":{"line":10,"column":12},"end":{"line":10,"column":56}},"type":"binary-expr","locations":[{"start":{"line":10,"column":12},"end":{"line":10,"column":35}},{"start":{"line":10,"column":39},"end":{"line":10,"column":56}}]},"4":{"loc":{"start":{"line":11,"column":12},"end":{"line":11,"column":56}},"type":"binary-expr","locations":[{"start":{"line":11,"column":12},"end":{"line":11,"column":35}},{"start":{"line":11,"column":39},"end":{"line":11,"column":56}}]},"5":{"loc":{"start":{"line":12,"column":12},"end":{"line":12,"column":56}},"type":"binary-expr","locations":[{"start":{"line":12,"column":12},"end":{"line":12,"column":35}},{"start":{"line":12,"column":39},"end":{"line":12,"column":56}}]},"6":{"loc":{"start":{"line":14,"column":15},"end":{"line":14,"column":65}},"type":"binary-expr","locations":[{"start":{"line":14,"column":15},"end":{"line":14,"column":41}},{"start":{"line":14,"column":45},"end":{"line":14,"column":65}}]}},"s":{"0":0,"1":0,"2":0},"f":{},"b":{"0":[0,0],"1":[0,0],"2":[0,0],"3":[0,0],"4":[0,0],"5":[0,0],"6":[0,0]}}
,"E:\\projects\\Nestjs\\task-management\\src\\tasks\\task-status.enum.ts": {"path":"E:\\projects\\Nestjs\\task-management\\src\\tasks\\task-status.enum.ts","statementMap":{"0":{"start":{"line":1,"column":0},"end":{"line":1,"column":null}},"1":{"start":{"line":2,"column":2},"end":{"line":2,"column":null}},"2":{"start":{"line":3,"column":2},"end":{"line":3,"column":null}},"3":{"start":{"line":4,"column":2},"end":{"line":4,"column":null}},"4":{"start":{"line":5,"column":2},"end":{"line":5,"column":null}}},"fnMap":{"0":{"name":"(anonymous_0)","decl":{"start":{"line":1,"column":0},"end":{"line":1,"column":12}},"loc":{"start":{"line":1,"column":21},"end":{"line":6,"column":1}}}},"branchMap":{"0":{"loc":{"start":{"line":1,"column":12},"end":{"line":1,"column":null}},"type":"binary-expr","locations":[{"start":{"line":1,"column":12},"end":{"line":1,"column":21}},{"start":{"line":1,"column":21},"end":{"line":1,"column":null}}]}},"s":{"0":5,"1":5,"2":5,"3":5,"4":5},"f":{"0":5},"b":{"0":[5,5]}}
,"E:\\projects\\Nestjs\\task-management\\src\\tasks\\task.entity.ts": {"path":"E:\\projects\\Nestjs\\task-management\\src\\tasks\\task.entity.ts","statementMap":{"0":{"start":{"line":1,"column":0},"end":{"line":1,"column":null}},"1":{"start":{"line":8,"column":0},"end":{"line":8,"column":47}},"2":{"start":{"line":9,"column":0},"end":{"line":9,"column":52}},"3":{"start":{"line":12,"column":7},"end":{"line":30,"column":null}},"4":{"start":{"line":12,"column":13},"end":{"line":12,"column":17}},"5":{"start":{"line":14,"column":2},"end":{"line":14,"column":null}},"6":{"start":{"line":17,"column":2},"end":{"line":17,"column":null}},"7":{"start":{"line":20,"column":2},"end":{"line":20,"column":null}},"8":{"start":{"line":23,"column":2},"end":{"line":23,"column":null}},"9":{"start":{"line":26,"column":2},"end":{"line":26,"column":null}},"10":{"start":{"line":25,"column":19},"end":{"line":25,"column":23}},"11":{"start":{"line":25,"column":35},"end":{"line":25,"column":45}},"12":{"start":{"line":29,"column":2},"end":{"line":29,"column":null}},"13":{"start":{"line":12,"column":13},"end":{"line":30,"column":null}}},"fnMap":{"0":{"name":"(anonymous_2)","decl":{"start":{"line":25,"column":13},"end":{"line":25,"column":16}},"loc":{"start":{"line":25,"column":19},"end":{"line":25,"column":23}}},"1":{"name":"(anonymous_3)","decl":{"start":{"line":25,"column":25},"end":{"line":25,"column":26}},"loc":{"start":{"line":25,"column":35},"end":{"line":25,"column":45}}}},"branchMap":{},"s":{"0":5,"1":5,"2":5,"3":5,"4":5,"5":5,"6":5,"7":5,"8":5,"9":5,"10":0,"11":0,"12":5,"13":5},"f":{"0":0,"1":0},"b":{}}
,"E:\\projects\\Nestjs\\task-management\\src\\tasks\\tasks.controller.ts": {"path":"E:\\projects\\Nestjs\\task-management\\src\\tasks\\tasks.controller.ts","statementMap":{"0":{"start":{"line":4,"column":0},"end":{"line":4,"column":45}},"1":{"start":{"line":5,"column":0},"end":{"line":5,"column":48}},"2":{"start":{"line":6,"column":0},"end":{"line":6,"column":47}},"3":{"start":{"line":8,"column":0},"end":{"line":8,"column":47}},"4":{"start":{"line":9,"column":0},"end":{"line":9,"column":null}},"5":{"start":{"line":22,"column":0},"end":{"line":22,"column":53}},"6":{"start":{"line":23,"column":0},"end":{"line":23,"column":52}},"7":{"start":{"line":24,"column":0},"end":{"line":24,"column":55}},"8":{"start":{"line":27,"column":7},"end":{"line":69,"column":null}},"9":{"start":{"line":28,"column":22},"end":{"line":28,"column":36}},"10":{"start":{"line":35,"column":4},"end":{"line":35,"column":64}},"11":{"start":{"line":43,"column":4},"end":{"line":43,"column":57}},"12":{"start":{"line":51,"column":4},"end":{"line":51,"column":67}},"13":{"start":{"line":58,"column":4},"end":{"line":58,"column":56}},"14":{"start":{"line":67,"column":4},"end":{"line":67,"column":68}},"15":{"start":{"line":27,"column":13},"end":{"line":27,"column":28}},"16":{"start":{"line":31,"column":8},"end":{"line":36,"column":null}},"17":{"start":{"line":39,"column":8},"end":{"line":44,"column":null}},"18":{"start":{"line":47,"column":8},"end":{"line":52,"column":null}},"19":{"start":{"line":54,"column":8},"end":{"line":59,"column":null}},"20":{"start":{"line":62,"column":8},"end":{"line":68,"column":null}},"21":{"start":{"line":27,"column":13},"end":{"line":69,"column":null}}},"fnMap":{"0":{"name":"(anonymous_4)","decl":{"start":{"line":28,"column":2},"end":{"line":28,"column":22}},"loc":{"start":{"line":28,"column":48},"end":{"line":28,"column":52}}},"1":{"name":"(anonymous_5)","decl":{"start":{"line":31,"column":2},"end":{"line":31,"column":7}},"loc":{"start":{"line":33,"column":52},"end":{"line":36,"column":3}}},"2":{"name":"(anonymous_6)","decl":{"start":{"line":39,"column":2},"end":{"line":39,"column":7}},"loc":{"start":{"line":41,"column":25},"end":{"line":44,"column":3}}},"3":{"name":"(anonymous_7)","decl":{"start":{"line":47,"column":2},"end":{"line":47,"column":7}},"loc":{"start":{"line":49,"column":25},"end":{"line":52,"column":3}}},"4":{"name":"(anonymous_8)","decl":{"start":{"line":54,"column":2},"end":{"line":54,"column":7}},"loc":{"start":{"line":56,"column":25},"end":{"line":59,"column":3}}},"5":{"name":"(anonymous_9)","decl":{"start":{"line":62,"column":2},"end":{"line":62,"column":7}},"loc":{"start":{"line":65,"column":25},"end":{"line":68,"column":3}}}},"branchMap":{},"s":{"0":1,"1":1,"2":1,"3":1,"4":1,"5":1,"6":1,"7":1,"8":1,"9":1,"10":0,"11":0,"12":0,"13":0,"14":0,"15":1,"16":1,"17":1,"18":1,"19":1,"20":1,"21":1},"f":{"0":1,"1":0,"2":0,"3":0,"4":0,"5":0},"b":{}}
,"E:\\projects\\Nestjs\\task-management\\src\\tasks\\tasks.module.ts": {"path":"E:\\projects\\Nestjs\\task-management\\src\\tasks\\tasks.module.ts","statementMap":{"0":{"start":{"line":5,"column":0},"end":{"line":5,"column":53}},"1":{"start":{"line":6,"column":0},"end":{"line":6,"column":40}},"2":{"start":{"line":7,"column":0},"end":{"line":7,"column":47}},"3":{"start":{"line":8,"column":0},"end":{"line":8,"column":48}},"4":{"start":{"line":9,"column":0},"end":{"line":9,"column":37}},"5":{"start":{"line":10,"column":0},"end":{"line":10,"column":53}},"6":{"start":{"line":11,"column":0},"end":{"line":11,"column":50}},"7":{"start":{"line":21,"column":7},"end":{"line":21,"column":null}},"8":{"start":{"line":21,"column":13},"end":{"line":21,"column":24}},"9":{"start":{"line":21,"column":13},"end":{"line":21,"column":null}}},"fnMap":{},"branchMap":{},"s":{"0":0,"1":0,"2":0,"3":0,"4":0,"5":0,"6":0,"7":0,"8":0,"9":0},"f":{},"b":{}}
,"E:\\projects\\Nestjs\\task-management\\src\\tasks\\tasks.service.ts": {"path":"E:\\projects\\Nestjs\\task-management\\src\\tasks\\tasks.service.ts","statementMap":{"0":{"start":{"line":2,"column":0},"end":{"line":2,"column":75}},"1":{"start":{"line":3,"column":0},"end":{"line":3,"column":51}},"2":{"start":{"line":4,"column":0},"end":{"line":4,"column":37}},"3":{"start":{"line":5,"column":0},"end":{"line":5,"column":47}},"4":{"start":{"line":7,"column":0},"end":{"line":7,"column":37}},"5":{"start":{"line":11,"column":7},"end":{"line":74,"column":null}},"6":{"start":{"line":15,"column":21},"end":{"line":15,"column":37}},"7":{"start":{"line":12,"column":10},"end":{"line":12,"column":46}},"8":{"start":{"line":19,"column":4},"end":{"line":19,"column":74}},"9":{"start":{"line":23,"column":18},"end":{"line":25,"column":6}},"10":{"start":{"line":26,"column":4},"end":{"line":28,"column":5}},"11":{"start":{"line":27,"column":6},"end":{"line":27,"column":56}},"12":{"start":{"line":29,"column":4},"end":{"line":29,"column":17}},"13":{"start":{"line":33,"column":35},"end":{"line":33,"column":48}},"14":{"start":{"line":35,"column":17},"end":{"line":40,"column":6}},"15":{"start":{"line":41,"column":19},"end":{"line":41,"column":55}},"16":{"start":{"line":43,"column":4},"end":{"line":46,"column":5}},"17":{"start":{"line":44,"column":6},"end":{"line":44,"column":47}},"18":{"start":{"line":45,"column":6},"end":{"line":45,"column":61}},"19":{"start":{"line":48,"column":4},"end":{"line":48,"column":21}},"20":{"start":{"line":49,"column":4},"end":{"line":49,"column":16}},"21":{"start":{"line":53,"column":17},"end":{"line":53,"column":49}},"22":{"start":{"line":54,"column":4},"end":{"line":54,"column":65}},"23":{"start":{"line":54,"column":15},"end":{"line":54,"column":65}},"24":{"start":{"line":55,"column":4},"end":{"line":61,"column":5}},"25":{"start":{"line":56,"column":21},"end":{"line":56,"column":78}},"26":{"start":{"line":57,"column":6},"end":{"line":57,"column":35}},"27":{"start":{"line":59,"column":6},"end":{"line":59,"column":58}},"28":{"start":{"line":60,"column":6},"end":{"line":60,"column":19}},"29":{"start":{"line":65,"column":17},"end":{"line":65,"column":49}},"30":{"start":{"line":66,"column":4},"end":{"line":66,"column":23}},"31":{"start":{"line":67,"column":4},"end":{"line":71,"column":5}},"32":{"start":{"line":68,"column":6},"end":{"line":68,"column":24}},"33":{"start":{"line":70,"column":6},"end":{"line":70,"column":64}},"34":{"start":{"line":72,"column":4},"end":{"line":72,"column":16}},"35":{"start":{"line":11,"column":13},"end":{"line":11,"column":25}},"36":{"start":{"line":11,"column":13},"end":{"line":74,"column":null}}},"fnMap":{"0":{"name":"(anonymous_4)","decl":{"start":{"line":13,"column":2},"end":{"line":13,"column":null}},"loc":{"start":{"line":15,"column":53},"end":{"line":16,"column":6}}},"1":{"name":"(anonymous_5)","decl":{"start":{"line":18,"column":2},"end":{"line":18,"column":7}},"loc":{"start":{"line":18,"column":57},"end":{"line":20,"column":3}}},"2":{"name":"(anonymous_6)","decl":{"start":{"line":22,"column":2},"end":{"line":22,"column":7}},"loc":{"start":{"line":22,"column":42},"end":{"line":30,"column":3}}},"3":{"name":"(anonymous_7)","decl":{"start":{"line":32,"column":2},"end":{"line":32,"column":7}},"loc":{"start":{"line":32,"column":59},"end":{"line":50,"column":3}}},"4":{"name":"(anonymous_8)","decl":{"start":{"line":52,"column":2},"end":{"line":52,"column":7}},"loc":{"start":{"line":52,"column":41},"end":{"line":62,"column":3}}},"5":{"name":"(anonymous_9)","decl":{"start":{"line":64,"column":2},"end":{"line":64,"column":7}},"loc":{"start":{"line":64,"column":64},"end":{"line":73,"column":3}}}},"branchMap":{"0":{"loc":{"start":{"line":26,"column":4},"end":{"line":28,"column":5}},"type":"if","locations":[{"start":{"line":26,"column":4},"end":{"line":28,"column":5}}]},"1":{"loc":{"start":{"line":43,"column":4},"end":{"line":46,"column":5}},"type":"if","locations":[{"start":{"line":43,"column":4},"end":{"line":46,"column":5}}]},"2":{"loc":{"start":{"line":54,"column":4},"end":{"line":54,"column":65}},"type":"if","locations":[{"start":{"line":54,"column":4},"end":{"line":54,"column":65}}]},"3":{"loc":{"start":{"line":57,"column":13},"end":{"line":57,"column":34}},"type":"cond-expr","locations":[{"start":{"line":57,"column":22},"end":{"line":57,"column":26}},{"start":{"line":57,"column":29},"end":{"line":57,"column":34}}]}},"s":{"0":2,"1":2,"2":2,"3":2,"4":2,"5":2,"6":8,"7":8,"8":1,"9":3,"10":3,"11":1,"12":2,"13":2,"14":2,"15":2,"16":2,"17":1,"18":1,"19":1,"20":1,"21":2,"22":1,"23":0,"24":1,"25":1,"26":1,"27":0,"28":0,"29":1,"30":1,"31":1,"32":1,"33":0,"34":1,"35":2,"36":2},"f":{"0":8,"1":1,"2":3,"3":2,"4":2,"5":1},"b":{"0":[1],"1":[1],"2":[0],"3":[1,0]}}
,"E:\\projects\\Nestjs\\task-management\\src\\tasks\\dto\\queryFilter.dto.ts": {"path":"E:\\projects\\Nestjs\\task-management\\src\\tasks\\dto\\queryFilter.dto.ts","statementMap":{"0":{"start":{"line":1,"column":0},"end":{"line":1,"column":43}},"1":{"start":{"line":4,"column":0},"end":{"line":4,"column":13}},"2":{"start":{"line":6,"column":2},"end":{"line":6,"column":null}}},"fnMap":{},"branchMap":{},"s":{"0":1,"1":1,"2":1},"f":{},"b":{}}
,"E:\\projects\\Nestjs\\task-management\\src\\tasks\\dto\\tasks.dto.ts": {"path":"E:\\projects\\Nestjs\\task-management\\src\\tasks\\dto\\tasks.dto.ts","statementMap":{"0":{"start":{"line":2,"column":0},"end":{"line":2,"column":55}},"1":{"start":{"line":4,"column":0},"end":{"line":4,"column":13}},"2":{"start":{"line":7,"column":2},"end":{"line":7,"column":null}},"3":{"start":{"line":11,"column":2},"end":{"line":11,"column":null}}},"fnMap":{},"branchMap":{},"s":{"0":1,"1":1,"2":1,"3":1},"f":{},"b":{}}
}
