TN:
SF:src\app.module.ts
FNF:0
FNH:0
DA:1,0
DA:2,0
DA:3,0
DA:4,0
DA:5,0
DA:6,0
DA:22,0
LF:7
LH:0
BRF:0
BRH:0
end_of_record
TN:
SF:src\main.ts
FN:8,bootstrap
FNF:1
FNH:0
FNDA:0,bootstrap
DA:1,0
DA:2,0
DA:3,0
DA:4,0
DA:6,0
DA:9,0
DA:10,0
DA:11,0
DA:13,0
DA:14,0
DA:16,0
DA:17,0
DA:20,0
DA:26,0
DA:27,0
DA:29,0
DA:30,0
DA:31,0
DA:32,0
DA:34,0
LF:20
LH:0
BRDA:13,0,0,0
BRDA:13,0,1,0
BRDA:29,1,0,0
BRDA:29,1,1,0
BRF:4
BRH:0
end_of_record
TN:
SF:src\auth\auth.controller.ts
FN:17,(anonymous_4)
FN:20,(anonymous_5)
FN:25,(anonymous_6)
FN:30,(anonymous_7)
FN:38,(anonymous_8)
FN:44,(anonymous_9)
FNF:6
FNH:0
FNDA:0,(anonymous_4)
FNDA:0,(anonymous_5)
FNDA:0,(anonymous_6)
FNDA:0,(anonymous_7)
FNDA:0,(anonymous_8)
FNDA:0,(anonymous_9)
DA:1,0
DA:9,0
DA:10,0
DA:11,0
DA:12,0
DA:13,0
DA:16,0
DA:17,0
DA:20,0
DA:21,0
DA:25,0
DA:26,0
DA:30,0
DA:33,0
DA:38,0
DA:39,0
DA:44,0
DA:45,0
LF:18
LH:0
BRF:0
BRH:0
end_of_record
TN:
SF:src\auth\auth.module.ts
FNF:0
FNH:0
DA:1,0
DA:2,0
DA:3,0
DA:4,0
DA:5,0
DA:6,0
DA:7,0
DA:8,0
DA:9,0
DA:11,0
DA:25,0
LF:11
LH:0
BRDA:17,0,0,0
BRDA:17,0,1,0
BRF:2
BRH:0
end_of_record
TN:
SF:src\auth\auth.service.ts
FN:12,(anonymous_4)
FN:17,(anonymous_5)
FN:37,(anonymous_6)
FN:41,(anonymous_7)
FN:55,(anonymous_8)
FN:59,(anonymous_9)
FNF:6
FNH:4
FNDA:8,(anonymous_4)
FNDA:2,(anonymous_5)
FNDA:0,(anonymous_6)
FNDA:3,(anonymous_7)
FNDA:1,(anonymous_8)
FNDA:0,(anonymous_9)
DA:1,1
DA:3,1
DA:4,1
DA:5,1
DA:6,1
DA:7,1
DA:11,1
DA:14,8
DA:15,8
DA:18,2
DA:20,2
DA:21,2
DA:22,2
DA:23,2
DA:24,2
DA:26,2
DA:27,2
DA:29,1
DA:30,1
DA:31,1
DA:33,1
DA:38,0
DA:42,3
DA:43,3
DA:46,3
DA:47,1
DA:48,1
DA:49,1
DA:51,2
DA:56,1
LF:30
LH:29
BRDA:46,0,0,1
BRDA:46,0,1,2
BRDA:46,1,0,3
BRDA:46,1,1,2
BRF:4
BRH:4
end_of_record
TN:
SF:src\auth\get-user.decorator.ts
FN:6,(anonymous_0)
FNF:1
FNH:0
FNDA:0,(anonymous_0)
DA:1,1
DA:5,1
DA:7,0
DA:10,0
LF:4
LH:2
BRF:0
BRH:0
end_of_record
TN:
SF:src\auth\jwt.strategy.ts
FN:11,(anonymous_4)
FN:20,(anonymous_5)
FNF:2
FNH:2
FNDA:10,(anonymous_4)
FNDA:2,(anonymous_5)
DA:2,2
DA:3,2
DA:4,2
DA:5,2
DA:6,2
DA:7,2
DA:8,2
DA:10,2
DA:13,10
DA:15,10
DA:21,2
DA:22,2
DA:24,2
DA:25,1
DA:27,1
LF:15
LH:15
BRDA:17,0,0,10
BRDA:17,0,1,10
BRDA:24,1,0,1
BRF:3
BRH:3
end_of_record
TN:
SF:src\auth\dto\create-auth.dto.ts
FNF:0
FNH:0
DA:1,0
DA:3,0
DA:7,0
DA:12,0
LF:4
LH:0
BRF:0
BRH:0
end_of_record
TN:
SF:src\auth\dto\update-auth.dto.ts
FNF:0
FNH:0
DA:1,0
DA:2,0
DA:4,0
LF:3
LH:0
BRF:0
BRH:0
end_of_record
TN:
SF:src\auth\entities\user.entity.ts
FN:32,(anonymous_2)
FN:29,(anonymous_3)
FN:29,(anonymous_4)
FNF:3
FNH:1
FNDA:2,(anonymous_2)
FNDA:0,(anonymous_3)
FNDA:0,(anonymous_4)
DA:1,5
DA:8,5
DA:9,5
DA:13,5
DA:15,5
DA:18,5
DA:21,5
DA:24,5
DA:27,5
DA:29,0
DA:30,5
DA:33,2
DA:34,2
LF:13
LH:12
BRF:0
BRH:0
end_of_record
TN:
SF:src\config\typeorm.config.ts
FNF:0
FNH:0
DA:2,0
DA:4,0
DA:6,0
LF:3
LH:0
BRDA:7,0,0,0
BRDA:7,0,1,0
BRDA:8,1,0,0
BRDA:8,1,1,0
BRDA:9,2,0,0
BRDA:9,2,1,0
BRDA:10,3,0,0
BRDA:10,3,1,0
BRDA:11,4,0,0
BRDA:11,4,1,0
BRDA:12,5,0,0
BRDA:12,5,1,0
BRDA:14,6,0,0
BRDA:14,6,1,0
BRF:14
BRH:0
end_of_record
TN:
SF:src\tasks\task-status.enum.ts
FN:1,(anonymous_0)
FNF:1
FNH:1
FNDA:5,(anonymous_0)
DA:1,5
DA:2,5
DA:3,5
DA:4,5
DA:5,5
LF:5
LH:5
BRDA:1,0,0,5
BRDA:1,0,1,5
BRF:2
BRH:2
end_of_record
TN:
SF:src\tasks\task.entity.ts
FN:25,(anonymous_2)
FN:25,(anonymous_3)
FNF:2
FNH:0
FNDA:0,(anonymous_2)
FNDA:0,(anonymous_3)
DA:1,5
DA:8,5
DA:9,5
DA:12,5
DA:14,5
DA:17,5
DA:20,5
DA:23,5
DA:25,0
DA:26,5
DA:29,5
LF:11
LH:10
BRF:0
BRH:0
end_of_record
TN:
SF:src\tasks\tasks.controller.ts
FN:28,(anonymous_4)
FN:31,(anonymous_5)
FN:39,(anonymous_6)
FN:47,(anonymous_7)
FN:54,(anonymous_8)
FN:62,(anonymous_9)
FNF:6
FNH:1
FNDA:1,(anonymous_4)
FNDA:0,(anonymous_5)
FNDA:0,(anonymous_6)
FNDA:0,(anonymous_7)
FNDA:0,(anonymous_8)
FNDA:0,(anonymous_9)
DA:4,1
DA:5,1
DA:6,1
DA:8,1
DA:9,1
DA:22,1
DA:23,1
DA:24,1
DA:27,1
DA:28,1
DA:31,1
DA:35,0
DA:39,1
DA:43,0
DA:47,1
DA:51,0
DA:54,1
DA:58,0
DA:62,1
DA:67,0
LF:20
LH:15
BRF:0
BRH:0
end_of_record
TN:
SF:src\tasks\tasks.module.ts
FNF:0
FNH:0
DA:5,0
DA:6,0
DA:7,0
DA:8,0
DA:9,0
DA:10,0
DA:11,0
DA:21,0
LF:8
LH:0
BRF:0
BRH:0
end_of_record
TN:
SF:src\tasks\tasks.service.ts
FN:13,(anonymous_4)
FN:18,(anonymous_5)
FN:22,(anonymous_6)
FN:32,(anonymous_7)
FN:52,(anonymous_8)
FN:64,(anonymous_9)
FNF:6
FNH:6
FNDA:8,(anonymous_4)
FNDA:1,(anonymous_5)
FNDA:3,(anonymous_6)
FNDA:2,(anonymous_7)
FNDA:2,(anonymous_8)
FNDA:1,(anonymous_9)
DA:2,2
DA:3,2
DA:4,2
DA:5,2
DA:7,2
DA:11,2
DA:12,8
DA:15,8
DA:19,1
DA:23,3
DA:26,3
DA:27,1
DA:29,2
DA:33,2
DA:35,2
DA:41,2
DA:43,2
DA:44,1
DA:45,1
DA:48,1
DA:49,1
DA:53,2
DA:54,1
DA:55,1
DA:56,1
DA:57,1
DA:59,0
DA:60,0
DA:65,1
DA:66,1
DA:67,1
DA:68,1
DA:70,0
DA:72,1
LF:34
LH:31
BRDA:26,0,0,1
BRDA:43,1,0,1
BRDA:54,2,0,0
BRDA:57,3,0,1
BRDA:57,3,1,0
BRF:5
BRH:3
end_of_record
TN:
SF:src\tasks\dto\queryFilter.dto.ts
FNF:0
FNH:0
DA:1,1
DA:4,1
DA:6,1
LF:3
LH:3
BRF:0
BRH:0
end_of_record
TN:
SF:src\tasks\dto\tasks.dto.ts
FNF:0
FNH:0
DA:2,1
DA:4,1
DA:7,1
DA:11,1
LF:4
LH:4
BRF:0
BRH:0
end_of_record
